<?xml version="1.0" encoding="UTF-8"?>
<coverage generated="1782418201879" clover="3.2.0">
  <project timestamp="1782418201879" name="All files">
    <metrics statements="77" coveredstatements="76" conditionals="203" coveredconditionals="195" methods="21" coveredmethods="21" elements="301" coveredelements="292" complexity="0" loc="77" ncloc="77" packages="10" files="20" classes="20"/>
    <package name="components.Badge">
      <metrics statements="5" coveredstatements="5" conditionals="15" coveredconditionals="14" methods="1" coveredmethods="1"/>
      <file name="Badge.module.css" path="C:\Users\sergi\OneDrive\Escritorio\suri-ui\src\components\Badge\Badge.module.css">
        <metrics statements="0" coveredstatements="0" conditionals="0" coveredconditionals="0" methods="0" coveredmethods="0"/>
      </file>
      <file name="Badge.tsx" path="C:\Users\sergi\OneDrive\Escritorio\suri-ui\src\components\Badge\Badge.tsx">
        <metrics statements="5" coveredstatements="5" conditionals="15" coveredconditionals="14" methods="1" coveredmethods="1"/>
        <line num="19" count="13" type="cond" truecount="1" falsecount="1"/>
        <line num="20" count="13" type="cond" truecount="4" falsecount="0"/>
        <line num="21" count="1" type="stmt"/>
        <line num="28" count="13" type="stmt"/>
        <line num="45" count="1" type="stmt"/>
      </file>
    </package>
    <package name="components.Button">
      <metrics statements="8" coveredstatements="8" conditionals="28" coveredconditionals="26" methods="2" coveredmethods="2"/>
      <file name="Button.module.css" path="C:\Users\sergi\OneDrive\Escritorio\suri-ui\src\components\Button\Button.module.css">
        <metrics statements="0" coveredstatements="0" conditionals="0" coveredconditionals="0" methods="0" coveredmethods="0"/>
      </file>
      <file name="Button.tsx" path="C:\Users\sergi\OneDrive\Escritorio\suri-ui\src\components\Button\Button.tsx">
        <metrics statements="8" coveredstatements="8" conditionals="28" coveredconditionals="26" methods="2" coveredmethods="2"/>
        <line num="15" count="1" type="stmt"/>
        <line num="33" count="9" type="stmt"/>
        <line num="34" count="2" type="cond" truecount="2" falsecount="0"/>
        <line num="35" count="1" type="stmt"/>
        <line num="36" count="1" type="stmt"/>
        <line num="38" count="1" type="stmt"/>
        <line num="41" count="9" type="stmt"/>
        <line num="70" count="1" type="stmt"/>
      </file>
    </package>
    <package name="components.Card">
      <metrics statements="14" coveredstatements="14" conditionals="24" coveredconditionals="24" methods="4" coveredmethods="4"/>
      <file name="Card.module.css" path="C:\Users\sergi\OneDrive\Escritorio\suri-ui\src\components\Card\Card.module.css">
        <metrics statements="0" coveredstatements="0" conditionals="0" coveredconditionals="0" methods="0" coveredmethods="0"/>
      </file>
      <file name="Card.tsx" path="C:\Users\sergi\OneDrive\Escritorio\suri-ui\src\components\Card\Card.tsx">
        <metrics statements="14" coveredstatements="14" conditionals="24" coveredconditionals="24" methods="4" coveredmethods="4"/>
        <line num="22" count="1" type="stmt"/>
        <line num="38" count="10" type="stmt"/>
        <line num="40" count="10" type="stmt"/>
        <line num="61" count="1" type="stmt"/>
        <line num="75" count="4" type="stmt"/>
        <line num="86" count="1" type="stmt"/>
        <line num="92" count="2" type="stmt"/>
        <line num="99" count="1" type="stmt"/>
        <line num="111" count="3" type="stmt"/>
        <line num="122" count="1" type="stmt"/>
        <line num="125" count="1" type="stmt"/>
        <line num="126" count="1" type="stmt"/>
        <line num="127" count="1" type="stmt"/>
        <line num="128" count="1" type="stmt"/>
      </file>
    </package>
    <package name="components.Divider">
      <metrics statements="5" coveredstatements="5" conditionals="12" coveredconditionals="11" methods="1" coveredmethods="1"/>
      <file name="Divider.module.css" path="C:\Users\sergi\OneDrive\Escritorio\suri-ui\src\components\Divider\Divider.module.css">
        <metrics statements="0" coveredstatements="0" conditionals="0" coveredconditionals="0" methods="0" coveredmethods="0"/>
      </file>
      <file name="Divider.tsx" path="C:\Users\sergi\OneDrive\Escritorio\suri-ui\src\components\Divider\Divider.tsx">
        <metrics statements="5" coveredstatements="5" conditionals="12" coveredconditionals="11" methods="1" coveredmethods="1"/>
        <line num="18" count="8" type="stmt"/>
        <line num="20" count="8" type="cond" truecount="2" falsecount="0"/>
        <line num="21" count="3" type="stmt"/>
        <line num="36" count="5" type="stmt"/>
        <line num="52" count="1" type="stmt"/>
      </file>
    </package>
    <package name="components.Input">
      <metrics statements="7" coveredstatements="7" conditionals="28" coveredconditionals="28" methods="1" coveredmethods="1"/>
      <file name="Input.module.css" path="C:\Users\sergi\OneDrive\Escritorio\suri-ui\src\components\Input\Input.module.css">
        <metrics statements="0" coveredstatements="0" conditionals="0" coveredconditionals="0" methods="0" coveredmethods="0"/>
      </file>
      <file name="Input.tsx" path="C:\Users\sergi\OneDrive\Escritorio\suri-ui\src\components\Input\Input.tsx">
        <metrics statements="7" coveredstatements="7" conditionals="28" coveredconditionals="28" methods="1" coveredmethods="1"/>
        <line num="13" count="1" type="stmt"/>
        <line num="28" count="18" type="stmt"/>
        <line num="29" count="18" type="cond" truecount="2" falsecount="0"/>
        <line num="30" count="18" type="stmt"/>
        <line num="35" count="18" type="cond" truecount="3" falsecount="0"/>
        <line num="37" count="18" type="stmt"/>
        <line num="81" count="1" type="stmt"/>
      </file>
    </package>
    <package name="components.Select">
      <metrics statements="10" coveredstatements="10" conditionals="32" coveredconditionals="32" methods="4" coveredmethods="4"/>
      <file name="Select.module.css" path="C:\Users\sergi\OneDrive\Escritorio\suri-ui\src\components\Select\Select.module.css">
        <metrics statements="0" coveredstatements="0" conditionals="0" coveredconditionals="0" methods="0" coveredmethods="0"/>
      </file>
      <file name="Select.tsx" path="C:\Users\sergi\OneDrive\Escritorio\suri-ui\src\components\Select\Select.tsx">
        <metrics statements="10" coveredstatements="10" conditionals="32" coveredconditionals="32" methods="4" coveredmethods="4"/>
        <line num="20" count="52" type="stmt"/>
        <line num="33" count="1" type="stmt"/>
        <line num="50" count="18" type="stmt"/>
        <line num="51" count="18" type="cond" truecount="2" falsecount="0"/>
        <line num="52" count="18" type="stmt"/>
        <line num="54" count="18" type="cond" truecount="3" falsecount="0"/>
        <line num="56" count="18" type="stmt"/>
        <line num="101" count="52" type="cond" truecount="2" falsecount="0"/>
        <line num="104" count="8" type="stmt"/>
        <line num="132" count="1" type="stmt"/>
      </file>
    </package>
    <package name="components.Spinner">
      <metrics statements="2" coveredstatements="2" conditionals="3" coveredconditionals="3" methods="1" coveredmethods="1"/>
      <file name="Spinner.module.css" path="C:\Users\sergi\OneDrive\Escritorio\suri-ui\src\components\Spinner\Spinner.module.css">
        <metrics statements="0" coveredstatements="0" conditionals="0" coveredconditionals="0" methods="0" coveredmethods="0"/>
      </file>
      <file name="Spinner.tsx" path="C:\Users\sergi\OneDrive\Escritorio\suri-ui\src\components\Spinner\Spinner.tsx">
        <metrics statements="2" coveredstatements="2" conditionals="3" coveredconditionals="3" methods="1" coveredmethods="1"/>
        <line num="18" count="8" type="stmt"/>
        <line num="52" count="1" type="stmt"/>
      </file>
    </package>
    <package name="components.Stack">
      <metrics statements="5" coveredstatements="5" conditionals="20" coveredconditionals="17" methods="1" coveredmethods="1"/>
      <file name="Stack.module.css" path="C:\Users\sergi\OneDrive\Escritorio\suri-ui\src\components\Stack\Stack.module.css">
        <metrics statements="0" coveredstatements="0" conditionals="0" coveredconditionals="0" methods="0" coveredmethods="0"/>
      </file>
      <file name="Stack.tsx" path="C:\Users\sergi\OneDrive\Escritorio\suri-ui\src\components\Stack\Stack.tsx">
        <metrics statements="5" coveredstatements="5" conditionals="20" coveredconditionals="17" methods="1" coveredmethods="1"/>
        <line num="20" count="1" type="stmt"/>
        <line num="38" count="12" type="stmt"/>
        <line num="41" count="12" type="stmt"/>
        <line num="43" count="12" type="stmt"/>
        <line num="68" count="1" type="stmt"/>
      </file>
    </package>
    <package name="components.Textarea">
      <metrics statements="14" coveredstatements="14" conditionals="37" coveredconditionals="37" methods="2" coveredmethods="2"/>
      <file name="Textarea.module.css" path="C:\Users\sergi\OneDrive\Escritorio\suri-ui\src\components\Textarea\Textarea.module.css">
        <metrics statements="0" coveredstatements="0" conditionals="0" coveredconditionals="0" methods="0" coveredmethods="0"/>
      </file>
      <file name="Textarea.tsx" path="C:\Users\sergi\OneDrive\Escritorio\suri-ui\src\components\Textarea\Textarea.tsx">
        <metrics statements="14" coveredstatements="14" conditionals="37" coveredconditionals="37" methods="2" coveredmethods="2"/>
        <line num="17" count="1" type="stmt"/>
        <line num="37" count="16" type="stmt"/>
        <line num="38" count="16" type="cond" truecount="2" falsecount="0"/>
        <line num="39" count="16" type="stmt"/>
        <line num="41" count="16" type="cond" truecount="3" falsecount="0"/>
        <line num="44" count="16" type="stmt"/>
        <line num="45" count="16" type="stmt"/>
        <line num="48" count="16" type="stmt"/>
        <line num="49" count="16" type="cond" truecount="4" falsecount="0"/>
        <line num="50" count="1" type="stmt"/>
        <line num="51" count="1" type="stmt"/>
        <line num="52" count="1" type="stmt"/>
        <line num="55" count="16" type="stmt"/>
        <line num="104" count="1" type="stmt"/>
      </file>
    </package>
    <package name="utils">
      <metrics statements="7" coveredstatements="6" conditionals="4" coveredconditionals="3" methods="4" coveredmethods="4"/>
      <file name="cn.ts" path="C:\Users\sergi\OneDrive\Escritorio\suri-ui\src\utils\cn.ts">
        <metrics statements="1" coveredstatements="1" conditionals="0" coveredconditionals="0" methods="1" coveredmethods="1"/>
        <line num="2" count="225" type="stmt"/>
      </file>
      <file name="useCombinedRef.ts" path="C:\Users\sergi\OneDrive\Escritorio\suri-ui\src\utils\useCombinedRef.ts">
        <metrics statements="6" coveredstatements="5" conditionals="4" coveredconditionals="3" methods="3" coveredmethods="3"/>
        <line num="7" count="16" type="stmt"/>
        <line num="9" count="32" type="stmt"/>
        <line num="10" count="64" type="cond" truecount="2" falsecount="0"/>
        <line num="11" count="36" type="cond" truecount="1" falsecount="1"/>
        <line num="12" count="0" type="stmt"/>
        <line num="15" count="36" type="stmt"/>
      </file>
    </package>
  </project>
</coverage>
