{"C:\\Users\\sergi\\OneDrive\\Escritorio\\suri-ui\\src\\components\\Badge\\Badge.module.css": {"path":"C:\\Users\\sergi\\OneDrive\\Escritorio\\suri-ui\\src\\components\\Badge\\Badge.module.css","statementMap":{},"fnMap":{},"branchMap":{},"s":{},"f":{},"b":{},"meta":{"lastBranch":0,"lastFunction":0,"lastStatement":0,"seen":{},"fnNames":{}}}
,"C:\\Users\\sergi\\OneDrive\\Escritorio\\suri-ui\\src\\components\\Badge\\Badge.tsx": {"path":"C:\\Users\\sergi\\OneDrive\\Escritorio\\suri-ui\\src\\components\\Badge\\Badge.tsx","statementMap":{"0":{"start":{"line":19,"column":2},"end":{"line":26,"column":null}},"1":{"start":{"line":20,"column":4},"end":{"line":25,"column":null}},"2":{"start":{"line":21,"column":6},"end":{"line":24,"column":null}},"3":{"start":{"line":28,"column":2},"end":{"line":41,"column":null}},"4":{"start":{"line":45,"column":0},"end":{"line":45,"column":null}}},"fnMap":{"0":{"name":"Badge","decl":{"start":{"line":11,"column":16},"end":{"line":11,"column":22}},"loc":{"start":{"line":18,"column":15},"end":{"line":43,"column":null}},"line":18}},"branchMap":{"0":{"loc":{"start":{"line":12,"column":2},"end":{"line":12,"column":null}},"type":"default-arg","locations":[{"start":{"line":12,"column":12},"end":{"line":12,"column":null}}],"line":12},"1":{"loc":{"start":{"line":13,"column":2},"end":{"line":13,"column":null}},"type":"default-arg","locations":[{"start":{"line":13,"column":9},"end":{"line":13,"column":null}}],"line":13},"2":{"loc":{"start":{"line":14,"column":2},"end":{"line":14,"column":null}},"type":"default-arg","locations":[{"start":{"line":14,"column":8},"end":{"line":14,"column":null}}],"line":14},"3":{"loc":{"start":{"line":19,"column":2},"end":{"line":26,"column":null}},"type":"if","locations":[{"start":{"line":19,"column":2},"end":{"line":26,"column":null}},{"start":{},"end":{}}],"line":19},"4":{"loc":{"start":{"line":20,"column":4},"end":{"line":25,"column":null}},"type":"if","locations":[{"start":{"line":20,"column":4},"end":{"line":25,"column":null}},{"start":{},"end":{}}],"line":20},"5":{"loc":{"start":{"line":20,"column":8},"end":{"line":20,"column":37}},"type":"binary-expr","locations":[{"start":{"line":20,"column":8},"end":{"line":20,"column":15}},{"start":{"line":20,"column":15},"end":{"line":20,"column":37}}],"line":20},"6":{"loc":{"start":{"line":34,"column":8},"end":{"line":34,"column":null}},"type":"binary-expr","locations":[{"start":{"line":34,"column":8},"end":{"line":34,"column":15}},{"start":{"line":34,"column":15},"end":{"line":34,"column":null}}],"line":34},"7":{"loc":{"start":{"line":37,"column":16},"end":{"line":37,"column":null}},"type":"binary-expr","locations":[{"start":{"line":37,"column":16},"end":{"line":37,"column":23}},{"start":{"line":37,"column":23},"end":{"line":37,"column":null}}],"line":37},"8":{"loc":{"start":{"line":40,"column":7},"end":{"line":40,"column":null}},"type":"binary-expr","locations":[{"start":{"line":40,"column":7},"end":{"line":40,"column":15}},{"start":{"line":40,"column":15},"end":{"line":40,"column":null}}],"line":40}},"s":{"0":13,"1":13,"2":1,"3":13,"4":1},"f":{"0":13},"b":{"0":[13],"1":[13],"2":[13],"3":[13,0],"4":[1,12],"5":[13,5],"6":[13,5],"7":[13,8],"8":[13,8]},"meta":{"lastBranch":9,"lastFunction":1,"lastStatement":5,"seen":{"f:11:16:11:22":0,"b:12:12:12:Infinity":0,"b:13:9:13:Infinity":1,"b:14:8:14:Infinity":2,"b:19:2:26:Infinity:undefined:undefined:undefined:undefined":3,"s:19:2:26:Infinity":0,"b:20:4:25:Infinity:undefined:undefined:undefined:undefined":4,"s:20:4:25:Infinity":1,"b:20:8:20:15:20:15:20:37":5,"s:21:6:24:Infinity":2,"s:28:2:41:Infinity":3,"b:34:8:34:15:34:15:34:Infinity":6,"b:37:16:37:23:37:23:37:Infinity":7,"b:40:7:40:15:40:15:40:Infinity":8,"s:45:0:45:Infinity":4},"fnNames":{}}}
,"C:\\Users\\sergi\\OneDrive\\Escritorio\\suri-ui\\src\\components\\Button\\Button.module.css": {"path":"C:\\Users\\sergi\\OneDrive\\Escritorio\\suri-ui\\src\\components\\Button\\Button.module.css","statementMap":{},"fnMap":{},"branchMap":{},"s":{},"f":{},"b":{},"meta":{"lastBranch":0,"lastFunction":0,"lastStatement":0,"seen":{},"fnNames":{}}}
,"C:\\Users\\sergi\\OneDrive\\Escritorio\\suri-ui\\src\\components\\Button\\Button.tsx": {"path":"C:\\Users\\sergi\\OneDrive\\Escritorio\\suri-ui\\src\\components\\Button\\Button.tsx","statementMap":{"0":{"start":{"line":15,"column":13},"end":{"line":68,"column":null}},"1":{"start":{"line":33,"column":10},"end":{"line":39,"column":null}},"2":{"start":{"line":34,"column":6},"end":{"line":37,"column":null}},"3":{"start":{"line":35,"column":8},"end":{"line":35,"column":null}},"4":{"start":{"line":36,"column":8},"end":{"line":36,"column":null}},"5":{"start":{"line":38,"column":6},"end":{"line":38,"column":null}},"6":{"start":{"line":41,"column":4},"end":{"line":65,"column":null}},"7":{"start":{"line":70,"column":0},"end":{"line":70,"column":null}}},"fnMap":{"0":{"name":"(anonymous_0)","decl":{"start":{"line":15,"column":22},"end":{"line":15,"column":null}},"loc":{"start":{"line":32,"column":7},"end":{"line":67,"column":null}},"line":32},"1":{"name":"(anonymous_1)","decl":{"start":{"line":33,"column":10},"end":{"line":33,"column":25}},"loc":{"start":{"line":33,"column":62},"end":{"line":39,"column":null}},"line":33}},"branchMap":{"0":{"loc":{"start":{"line":18,"column":6},"end":{"line":18,"column":null}},"type":"default-arg","locations":[{"start":{"line":18,"column":16},"end":{"line":18,"column":null}}],"line":18},"1":{"loc":{"start":{"line":19,"column":6},"end":{"line":19,"column":null}},"type":"default-arg","locations":[{"start":{"line":19,"column":13},"end":{"line":19,"column":null}}],"line":19},"2":{"loc":{"start":{"line":20,"column":6},"end":{"line":20,"column":null}},"type":"default-arg","locations":[{"start":{"line":20,"column":16},"end":{"line":20,"column":null}}],"line":20},"3":{"loc":{"start":{"line":23,"column":6},"end":{"line":23,"column":null}},"type":"default-arg","locations":[{"start":{"line":23,"column":18},"end":{"line":23,"column":null}}],"line":23},"4":{"loc":{"start":{"line":34,"column":6},"end":{"line":37,"column":null}},"type":"if","locations":[{"start":{"line":34,"column":6},"end":{"line":37,"column":null}},{"start":{},"end":{}}],"line":34},"5":{"loc":{"start":{"line":48,"column":10},"end":{"line":48,"column":null}},"type":"binary-expr","locations":[{"start":{"line":48,"column":10},"end":{"line":48,"column":23}},{"start":{"line":48,"column":23},"end":{"line":48,"column":null}}],"line":48},"6":{"loc":{"start":{"line":49,"column":10},"end":{"line":49,"column":null}},"type":"binary-expr","locations":[{"start":{"line":49,"column":10},"end":{"line":49,"column":21}},{"start":{"line":49,"column":21},"end":{"line":49,"column":null}}],"line":49},"7":{"loc":{"start":{"line":53,"column":23},"end":{"line":53,"column":null}},"type":"binary-expr","locations":[{"start":{"line":53,"column":23},"end":{"line":53,"column":34}},{"start":{"line":53,"column":34},"end":{"line":53,"column":null}}],"line":53},"8":{"loc":{"start":{"line":54,"column":19},"end":{"line":54,"column":null}},"type":"binary-expr","locations":[{"start":{"line":54,"column":19},"end":{"line":54,"column":30}},{"start":{"line":54,"column":30},"end":{"line":54,"column":null}}],"line":54},"9":{"loc":{"start":{"line":55,"column":18},"end":{"line":55,"column":null}},"type":"cond-expr","locations":[{"start":{"line":55,"column":28},"end":{"line":55,"column":33}},{"start":{"line":55,"column":33},"end":{"line":55,"column":null}}],"line":55},"10":{"loc":{"start":{"line":56,"column":24},"end":{"line":56,"column":null}},"type":"binary-expr","locations":[{"start":{"line":56,"column":24},"end":{"line":56,"column":37}},{"start":{"line":56,"column":37},"end":{"line":56,"column":null}}],"line":56},"11":{"loc":{"start":{"line":57,"column":22},"end":{"line":57,"column":null}},"type":"binary-expr","locations":[{"start":{"line":57,"column":22},"end":{"line":57,"column":33}},{"start":{"line":57,"column":33},"end":{"line":57,"column":null}}],"line":57},"12":{"loc":{"start":{"line":61,"column":9},"end":{"line":61,"column":null}},"type":"binary-expr","locations":[{"start":{"line":61,"column":9},"end":{"line":61,"column":20}},{"start":{"line":61,"column":20},"end":{"line":61,"column":null}}],"line":61},"13":{"loc":{"start":{"line":62,"column":9},"end":{"line":62,"column":null}},"type":"binary-expr","locations":[{"start":{"line":62,"column":9},"end":{"line":62,"column":21}},{"start":{"line":62,"column":21},"end":{"line":62,"column":33}},{"start":{"line":62,"column":33},"end":{"line":62,"column":null}}],"line":62},"14":{"loc":{"start":{"line":64,"column":9},"end":{"line":64,"column":null}},"type":"binary-expr","locations":[{"start":{"line":64,"column":9},"end":{"line":64,"column":21}},{"start":{"line":64,"column":21},"end":{"line":64,"column":34}},{"start":{"line":64,"column":34},"end":{"line":64,"column":null}}],"line":64}},"s":{"0":1,"1":9,"2":2,"3":1,"4":1,"5":1,"6":9,"7":1},"f":{"0":9,"1":2},"b":{"0":[9],"1":[9],"2":[9],"3":[9],"4":[1,1],"5":[9,1],"6":[9,3],"7":[9,6],"8":[9,6],"9":[3,6],"10":[9,8],"11":[9,6],"12":[9,3],"13":[9,6,0],"14":[9,6,0]},"meta":{"lastBranch":15,"lastFunction":2,"lastStatement":8,"seen":{"s:15:13:68:Infinity":0,"f:15:22:15:Infinity":0,"b:18:16:18:Infinity":0,"b:19:13:19:Infinity":1,"b:20:16:20:Infinity":2,"b:23:18:23:Infinity":3,"s:33:10:39:Infinity":1,"f:33:10:33:25":1,"b:34:6:37:Infinity:undefined:undefined:undefined:undefined":4,"s:34:6:37:Infinity":2,"s:35:8:35:Infinity":3,"s:36:8:36:Infinity":4,"s:38:6:38:Infinity":5,"s:41:4:65:Infinity":6,"b:48:10:48:23:48:23:48:Infinity":5,"b:49:10:49:21:49:21:49:Infinity":6,"b:53:23:53:34:53:34:53:Infinity":7,"b:54:19:54:30:54:30:54:Infinity":8,"b:55:28:55:33:55:33:55:Infinity":9,"b:56:24:56:37:56:37:56:Infinity":10,"b:57:22:57:33:57:33:57:Infinity":11,"b:61:9:61:20:61:20:61:Infinity":12,"b:62:9:62:21:62:21:62:33:62:33:62:Infinity":13,"b:64:9:64:21:64:21:64:34:64:34:64:Infinity":14,"s:70:0:70:Infinity":7},"fnNames":{}}}
,"C:\\Users\\sergi\\OneDrive\\Escritorio\\suri-ui\\src\\components\\Card\\Card.module.css": {"path":"C:\\Users\\sergi\\OneDrive\\Escritorio\\suri-ui\\src\\components\\Card\\Card.module.css","statementMap":{},"fnMap":{},"branchMap":{},"s":{},"f":{},"b":{},"meta":{"lastBranch":0,"lastFunction":0,"lastStatement":0,"seen":{},"fnNames":{}}}
,"C:\\Users\\sergi\\OneDrive\\Escritorio\\suri-ui\\src\\components\\Card\\Card.tsx": {"path":"C:\\Users\\sergi\\OneDrive\\Escritorio\\suri-ui\\src\\components\\Card\\Card.tsx","statementMap":{"0":{"start":{"line":22,"column":6},"end":{"line":59,"column":null}},"1":{"start":{"line":38,"column":23},"end":{"line":38,"column":null}},"2":{"start":{"line":40,"column":4},"end":{"line":56,"column":null}},"3":{"start":{"line":61,"column":0},"end":{"line":61,"column":null}},"4":{"start":{"line":75,"column":2},"end":{"line":82,"column":null}},"5":{"start":{"line":86,"column":0},"end":{"line":86,"column":null}},"6":{"start":{"line":92,"column":2},"end":{"line":95,"column":null}},"7":{"start":{"line":99,"column":0},"end":{"line":99,"column":null}},"8":{"start":{"line":111,"column":2},"end":{"line":118,"column":null}},"9":{"start":{"line":122,"column":0},"end":{"line":122,"column":null}},"10":{"start":{"line":125,"column":20},"end":{"line":125,"column":null}},"11":{"start":{"line":126,"column":0},"end":{"line":126,"column":null}},"12":{"start":{"line":127,"column":0},"end":{"line":127,"column":null}},"13":{"start":{"line":128,"column":0},"end":{"line":128,"column":null}}},"fnMap":{"0":{"name":"(anonymous_0)","decl":{"start":{"line":22,"column":17},"end":{"line":22,"column":null}},"loc":{"start":{"line":34,"column":7},"end":{"line":58,"column":null}},"line":34},"1":{"name":"CardHeader","decl":{"start":{"line":69,"column":16},"end":{"line":69,"column":27}},"loc":{"start":{"line":74,"column":20},"end":{"line":84,"column":null}},"line":74},"2":{"name":"CardBody","decl":{"start":{"line":91,"column":16},"end":{"line":91,"column":25}},"loc":{"start":{"line":91,"column":75},"end":{"line":97,"column":null}},"line":91},"3":{"name":"CardFooter","decl":{"start":{"line":105,"column":16},"end":{"line":105,"column":27}},"loc":{"start":{"line":110,"column":20},"end":{"line":120,"column":null}},"line":110}},"branchMap":{"0":{"loc":{"start":{"line":25,"column":10},"end":{"line":25,"column":null}},"type":"default-arg","locations":[{"start":{"line":25,"column":20},"end":{"line":25,"column":null}}],"line":25},"1":{"loc":{"start":{"line":26,"column":6},"end":{"line":26,"column":null}},"type":"default-arg","locations":[{"start":{"line":26,"column":15},"end":{"line":26,"column":null}}],"line":26},"2":{"loc":{"start":{"line":27,"column":6},"end":{"line":27,"column":null}},"type":"default-arg","locations":[{"start":{"line":27,"column":17},"end":{"line":27,"column":null}}],"line":27},"3":{"loc":{"start":{"line":28,"column":6},"end":{"line":28,"column":null}},"type":"default-arg","locations":[{"start":{"line":28,"column":18},"end":{"line":28,"column":null}}],"line":28},"4":{"loc":{"start":{"line":45,"column":10},"end":{"line":45,"column":null}},"type":"binary-expr","locations":[{"start":{"line":45,"column":10},"end":{"line":45,"column":31}},{"start":{"line":45,"column":31},"end":{"line":45,"column":null}}],"line":45},"5":{"loc":{"start":{"line":46,"column":10},"end":{"line":46,"column":null}},"type":"binary-expr","locations":[{"start":{"line":46,"column":10},"end":{"line":46,"column":22}},{"start":{"line":46,"column":22},"end":{"line":46,"column":null}}],"line":46},"6":{"loc":{"start":{"line":47,"column":10},"end":{"line":47,"column":null}},"type":"binary-expr","locations":[{"start":{"line":47,"column":10},"end":{"line":47,"column":23}},{"start":{"line":47,"column":23},"end":{"line":47,"column":null}}],"line":47},"7":{"loc":{"start":{"line":51,"column":23},"end":{"line":51,"column":null}},"type":"binary-expr","locations":[{"start":{"line":51,"column":23},"end":{"line":51,"column":35}},{"start":{"line":51,"column":35},"end":{"line":51,"column":null}}],"line":51},"8":{"loc":{"start":{"line":52,"column":24},"end":{"line":52,"column":null}},"type":"binary-expr","locations":[{"start":{"line":52,"column":24},"end":{"line":52,"column":37}},{"start":{"line":52,"column":37},"end":{"line":52,"column":null}}],"line":52},"9":{"loc":{"start":{"line":70,"column":2},"end":{"line":70,"column":null}},"type":"default-arg","locations":[{"start":{"line":70,"column":12},"end":{"line":70,"column":null}}],"line":70},"10":{"loc":{"start":{"line":77,"column":35},"end":{"line":77,"column":68}},"type":"binary-expr","locations":[{"start":{"line":77,"column":35},"end":{"line":77,"column":46}},{"start":{"line":77,"column":46},"end":{"line":77,"column":68}}],"line":77},"11":{"loc":{"start":{"line":78,"column":20},"end":{"line":78,"column":null}},"type":"binary-expr","locations":[{"start":{"line":78,"column":20},"end":{"line":78,"column":31}},{"start":{"line":78,"column":31},"end":{"line":78,"column":null}}],"line":78},"12":{"loc":{"start":{"line":106,"column":2},"end":{"line":106,"column":null}},"type":"default-arg","locations":[{"start":{"line":106,"column":12},"end":{"line":106,"column":null}}],"line":106},"13":{"loc":{"start":{"line":113,"column":35},"end":{"line":113,"column":68}},"type":"binary-expr","locations":[{"start":{"line":113,"column":35},"end":{"line":113,"column":46}},{"start":{"line":113,"column":46},"end":{"line":113,"column":68}}],"line":113},"14":{"loc":{"start":{"line":114,"column":20},"end":{"line":114,"column":null}},"type":"binary-expr","locations":[{"start":{"line":114,"column":20},"end":{"line":114,"column":31}},{"start":{"line":114,"column":31},"end":{"line":114,"column":null}}],"line":114}},"s":{"0":1,"1":10,"2":10,"3":1,"4":4,"5":1,"6":2,"7":1,"8":3,"9":1,"10":1,"11":1,"12":1,"13":1},"f":{"0":10,"1":4,"2":2,"3":3},"b":{"0":[10],"1":[10],"2":[10],"3":[10],"4":[10,10],"5":[10,9],"6":[10,1],"7":[10,1],"8":[10,9],"9":[4],"10":[4,1],"11":[4,3],"12":[3],"13":[3,1],"14":[3,2]},"meta":{"lastBranch":15,"lastFunction":4,"lastStatement":14,"seen":{"s:22:6:59:Infinity":0,"f:22:17:22:Infinity":0,"b:25:20:25:Infinity":0,"b:26:15:26:Infinity":1,"b:27:17:27:Infinity":2,"b:28:18:28:Infinity":3,"s:38:23:38:Infinity":1,"s:40:4:56:Infinity":2,"b:45:10:45:31:45:31:45:Infinity":4,"b:46:10:46:22:46:22:46:Infinity":5,"b:47:10:47:23:47:23:47:Infinity":6,"b:51:23:51:35:51:35:51:Infinity":7,"b:52:24:52:37:52:37:52:Infinity":8,"s:61:0:61:Infinity":3,"f:69:16:69:27":1,"b:70:12:70:Infinity":9,"s:75:2:82:Infinity":4,"b:77:35:77:46:77:46:77:68":10,"b:78:20:78:31:78:31:78:Infinity":11,"s:86:0:86:Infinity":5,"f:91:16:91:25":2,"s:92:2:95:Infinity":6,"s:99:0:99:Infinity":7,"f:105:16:105:27":3,"b:106:12:106:Infinity":12,"s:111:2:118:Infinity":8,"b:113:35:113:46:113:46:113:68":13,"b:114:20:114:31:114:31:114:Infinity":14,"s:122:0:122:Infinity":9,"s:125:20:125:Infinity":10,"s:126:0:126:Infinity":11,"s:127:0:127:Infinity":12,"s:128:0:128:Infinity":13},"fnNames":{}}}
,"C:\\Users\\sergi\\OneDrive\\Escritorio\\suri-ui\\src\\components\\Divider\\Divider.module.css": {"path":"C:\\Users\\sergi\\OneDrive\\Escritorio\\suri-ui\\src\\components\\Divider\\Divider.module.css","statementMap":{},"fnMap":{},"branchMap":{},"s":{},"f":{},"b":{},"meta":{"lastBranch":0,"lastFunction":0,"lastStatement":0,"seen":{},"fnNames":{}}}
,"C:\\Users\\sergi\\OneDrive\\Escritorio\\suri-ui\\src\\components\\Divider\\Divider.tsx": {"path":"C:\\Users\\sergi\\OneDrive\\Escritorio\\suri-ui\\src\\components\\Divider\\Divider.tsx","statementMap":{"0":{"start":{"line":18,"column":21},"end":{"line":18,"column":null}},"1":{"start":{"line":20,"column":2},"end":{"line":34,"column":null}},"2":{"start":{"line":21,"column":4},"end":{"line":32,"column":null}},"3":{"start":{"line":36,"column":2},"end":{"line":48,"column":null}},"4":{"start":{"line":52,"column":0},"end":{"line":52,"column":null}}},"fnMap":{"0":{"name":"Divider","decl":{"start":{"line":11,"column":16},"end":{"line":11,"column":24}},"loc":{"start":{"line":17,"column":17},"end":{"line":50,"column":null}},"line":17}},"branchMap":{"0":{"loc":{"start":{"line":12,"column":2},"end":{"line":12,"column":null}},"type":"default-arg","locations":[{"start":{"line":12,"column":15},"end":{"line":12,"column":null}}],"line":12},"1":{"loc":{"start":{"line":13,"column":2},"end":{"line":13,"column":null}},"type":"default-arg","locations":[{"start":{"line":13,"column":16},"end":{"line":13,"column":null}}],"line":13},"2":{"loc":{"start":{"line":20,"column":2},"end":{"line":34,"column":null}},"type":"if","locations":[{"start":{"line":20,"column":2},"end":{"line":34,"column":null}},{"start":{},"end":{}}],"line":20},"3":{"loc":{"start":{"line":26,"column":10},"end":{"line":26,"column":null}},"type":"cond-expr","locations":[{"start":{"line":26,"column":23},"end":{"line":26,"column":41}},{"start":{"line":26,"column":41},"end":{"line":26,"column":null}}],"line":26},"4":{"loc":{"start":{"line":38,"column":12},"end":{"line":38,"column":null}},"type":"cond-expr","locations":[{"start":{"line":38,"column":25},"end":{"line":38,"column":39}},{"start":{"line":38,"column":39},"end":{"line":38,"column":null}}],"line":38},"5":{"loc":{"start":{"line":39,"column":24},"end":{"line":39,"column":null}},"type":"cond-expr","locations":[{"start":{"line":39,"column":37},"end":{"line":39,"column":50}},{"start":{"line":39,"column":50},"end":{"line":39,"column":null}}],"line":39},"6":{"loc":{"start":{"line":43,"column":8},"end":{"line":43,"column":null}},"type":"cond-expr","locations":[{"start":{"line":43,"column":21},"end":{"line":43,"column":39}},{"start":{"line":43,"column":39},"end":{"line":43,"column":null}}],"line":43}},"s":{"0":8,"1":8,"2":3,"3":5,"4":1},"f":{"0":8},"b":{"0":[8],"1":[8],"2":[3,5],"3":[0,3],"4":[2,3],"5":[2,3],"6":[2,3]},"meta":{"lastBranch":7,"lastFunction":1,"lastStatement":5,"seen":{"f:11:16:11:24":0,"b:12:15:12:Infinity":0,"b:13:16:13:Infinity":1,"s:18:21:18:Infinity":0,"b:20:2:34:Infinity:undefined:undefined:undefined:undefined":2,"s:20:2:34:Infinity":1,"s:21:4:32:Infinity":2,"b:26:23:26:41:26:41:26:Infinity":3,"s:36:2:48:Infinity":3,"b:38:25:38:39:38:39:38:Infinity":4,"b:39:37:39:50:39:50:39:Infinity":5,"b:43:21:43:39:43:39:43:Infinity":6,"s:52:0:52:Infinity":4},"fnNames":{}}}
,"C:\\Users\\sergi\\OneDrive\\Escritorio\\suri-ui\\src\\components\\Input\\Input.module.css": {"path":"C:\\Users\\sergi\\OneDrive\\Escritorio\\suri-ui\\src\\components\\Input\\Input.module.css","statementMap":{},"fnMap":{},"branchMap":{},"s":{},"f":{},"b":{},"meta":{"lastBranch":0,"lastFunction":0,"lastStatement":0,"seen":{},"fnNames":{}}}
,"C:\\Users\\sergi\\OneDrive\\Escritorio\\suri-ui\\src\\components\\Input\\Input.tsx": {"path":"C:\\Users\\sergi\\OneDrive\\Escritorio\\suri-ui\\src\\components\\Input\\Input.tsx","statementMap":{"0":{"start":{"line":13,"column":13},"end":{"line":79,"column":null}},"1":{"start":{"line":28,"column":10},"end":{"line":28,"column":null}},"2":{"start":{"line":29,"column":20},"end":{"line":29,"column":null}},"3":{"start":{"line":30,"column":26},"end":{"line":30,"column":null}},"4":{"start":{"line":35,"column":24},"end":{"line":35,"column":null}},"5":{"start":{"line":37,"column":4},"end":{"line":76,"column":null}},"6":{"start":{"line":81,"column":0},"end":{"line":81,"column":null}}},"fnMap":{"0":{"name":"(anonymous_0)","decl":{"start":{"line":13,"column":21},"end":{"line":13,"column":null}},"loc":{"start":{"line":27,"column":7},"end":{"line":78,"column":null}},"line":27}},"branchMap":{"0":{"loc":{"start":{"line":19,"column":6},"end":{"line":19,"column":null}},"type":"default-arg","locations":[{"start":{"line":19,"column":18},"end":{"line":19,"column":null}}],"line":19},"1":{"loc":{"start":{"line":29,"column":20},"end":{"line":29,"column":null}},"type":"binary-expr","locations":[{"start":{"line":29,"column":20},"end":{"line":29,"column":26}},{"start":{"line":29,"column":26},"end":{"line":29,"column":null}}],"line":29},"2":{"loc":{"start":{"line":35,"column":24},"end":{"line":35,"column":null}},"type":"binary-expr","locations":[{"start":{"line":35,"column":24},"end":{"line":35,"column":33}},{"start":{"line":35,"column":33},"end":{"line":35,"column":47}},{"start":{"line":35,"column":47},"end":{"line":35,"column":null}}],"line":35},"3":{"loc":{"start":{"line":41,"column":10},"end":{"line":41,"column":null}},"type":"binary-expr","locations":[{"start":{"line":41,"column":10},"end":{"line":41,"column":23}},{"start":{"line":41,"column":23},"end":{"line":41,"column":null}}],"line":41},"4":{"loc":{"start":{"line":42,"column":10},"end":{"line":42,"column":null}},"type":"binary-expr","locations":[{"start":{"line":42,"column":10},"end":{"line":42,"column":22}},{"start":{"line":42,"column":22},"end":{"line":42,"column":null}}],"line":42},"5":{"loc":{"start":{"line":44,"column":24},"end":{"line":44,"column":null}},"type":"binary-expr","locations":[{"start":{"line":44,"column":24},"end":{"line":44,"column":37}},{"start":{"line":44,"column":37},"end":{"line":44,"column":null}}],"line":44},"6":{"loc":{"start":{"line":45,"column":20},"end":{"line":45,"column":null}},"type":"binary-expr","locations":[{"start":{"line":45,"column":20},"end":{"line":45,"column":31}},{"start":{"line":45,"column":31},"end":{"line":45,"column":null}}],"line":45},"7":{"loc":{"start":{"line":46,"column":23},"end":{"line":46,"column":null}},"type":"binary-expr","locations":[{"start":{"line":46,"column":23},"end":{"line":46,"column":35}},{"start":{"line":46,"column":35},"end":{"line":46,"column":null}}],"line":46},"8":{"loc":{"start":{"line":48,"column":9},"end":{"line":56,"column":null}},"type":"binary-expr","locations":[{"start":{"line":48,"column":9},"end":{"line":48,"column":null}},{"start":{"line":49,"column":10},"end":{"line":56,"column":null}}],"line":48},"9":{"loc":{"start":{"line":51,"column":13},"end":{"line":56,"column":null}},"type":"binary-expr","locations":[{"start":{"line":51,"column":13},"end":{"line":51,"column":null}},{"start":{"line":52,"column":14},"end":{"line":56,"column":null}}],"line":51},"10":{"loc":{"start":{"line":64,"column":12},"end":{"line":64,"column":null}},"type":"binary-expr","locations":[{"start":{"line":64,"column":12},"end":{"line":64,"column":21}},{"start":{"line":64,"column":21},"end":{"line":64,"column":null}}],"line":64},"11":{"loc":{"start":{"line":69,"column":25},"end":{"line":69,"column":null}},"type":"binary-expr","locations":[{"start":{"line":69,"column":25},"end":{"line":69,"column":37}},{"start":{"line":69,"column":37},"end":{"line":69,"column":null}}],"line":69},"12":{"loc":{"start":{"line":70,"column":24},"end":{"line":70,"column":null}},"type":"binary-expr","locations":[{"start":{"line":70,"column":24},"end":{"line":70,"column":35}},{"start":{"line":70,"column":35},"end":{"line":70,"column":null}}],"line":70},"13":{"loc":{"start":{"line":75,"column":67},"end":{"line":75,"column":125}},"type":"cond-expr","locations":[{"start":{"line":75,"column":75},"end":{"line":75,"column":101}},{"start":{"line":75,"column":101},"end":{"line":75,"column":125}}],"line":75}},"s":{"0":1,"1":18,"2":18,"3":18,"4":18,"5":18,"6":1},"f":{"0":18},"b":{"0":[18],"1":[18,17],"2":[18,15,13],"3":[18,1],"4":[18,2],"5":[18,17],"6":[18,15],"7":[18,16],"8":[18,15],"9":[15,2],"10":[18,3],"11":[18,16],"12":[18,15],"13":[3,15]},"meta":{"lastBranch":14,"lastFunction":1,"lastStatement":7,"seen":{"s:13:13:79:Infinity":0,"f:13:21:13:Infinity":0,"b:19:18:19:Infinity":0,"s:28:10:28:Infinity":1,"s:29:20:29:Infinity":2,"b:29:20:29:26:29:26:29:Infinity":1,"s:30:26:30:Infinity":3,"s:35:24:35:Infinity":4,"b:35:24:35:33:35:33:35:47:35:47:35:Infinity":2,"s:37:4:76:Infinity":5,"b:41:10:41:23:41:23:41:Infinity":3,"b:42:10:42:22:42:22:42:Infinity":4,"b:44:24:44:37:44:37:44:Infinity":5,"b:45:20:45:31:45:31:45:Infinity":6,"b:46:23:46:35:46:35:46:Infinity":7,"b:48:9:48:Infinity:49:10:56:Infinity":8,"b:51:13:51:Infinity:52:14:56:Infinity":9,"b:64:12:64:21:64:21:64:Infinity":10,"b:69:25:69:37:69:37:69:Infinity":11,"b:70:24:70:35:70:35:70:Infinity":12,"b:75:75:75:101:75:101:75:125":13,"s:81:0:81:Infinity":6},"fnNames":{}}}
,"C:\\Users\\sergi\\OneDrive\\Escritorio\\suri-ui\\src\\components\\Select\\Select.module.css": {"path":"C:\\Users\\sergi\\OneDrive\\Escritorio\\suri-ui\\src\\components\\Select\\Select.module.css","statementMap":{},"fnMap":{},"branchMap":{},"s":{},"f":{},"b":{},"meta":{"lastBranch":0,"lastFunction":0,"lastStatement":0,"seen":{},"fnNames":{}}}
,"C:\\Users\\sergi\\OneDrive\\Escritorio\\suri-ui\\src\\components\\Select\\Select.tsx": {"path":"C:\\Users\\sergi\\OneDrive\\Escritorio\\suri-ui\\src\\components\\Select\\Select.tsx","statementMap":{"0":{"start":{"line":20,"column":2},"end":{"line":20,"column":null}},"1":{"start":{"line":33,"column":13},"end":{"line":130,"column":null}},"2":{"start":{"line":50,"column":10},"end":{"line":50,"column":null}},"3":{"start":{"line":51,"column":21},"end":{"line":51,"column":null}},"4":{"start":{"line":52,"column":26},"end":{"line":52,"column":null}},"5":{"start":{"line":54,"column":24},"end":{"line":54,"column":null}},"6":{"start":{"line":56,"column":4},"end":{"line":127,"column":null}},"7":{"start":{"line":101,"column":14},"end":{"line":120,"column":null}},"8":{"start":{"line":104,"column":20},"end":{"line":110,"column":null}},"9":{"start":{"line":132,"column":0},"end":{"line":132,"column":null}}},"fnMap":{"0":{"name":"isGroup","decl":{"start":{"line":19,"column":9},"end":{"line":19,"column":17}},"loc":{"start":{"line":19,"column":62},"end":{"line":21,"column":null}},"line":19},"1":{"name":"(anonymous_1)","decl":{"start":{"line":33,"column":22},"end":{"line":33,"column":null}},"loc":{"start":{"line":49,"column":7},"end":{"line":129,"column":null}},"line":49},"2":{"name":"(anonymous_2)","decl":{"start":{"line":100,"column":21},"end":{"line":100,"column":26}},"loc":{"start":{"line":101,"column":14},"end":{"line":120,"column":null}},"line":101},"3":{"name":"(anonymous_3)","decl":{"start":{"line":103,"column":32},"end":{"line":103,"column":37}},"loc":{"start":{"line":104,"column":20},"end":{"line":110,"column":null}},"line":104}},"branchMap":{"0":{"loc":{"start":{"line":41,"column":6},"end":{"line":41,"column":null}},"type":"default-arg","locations":[{"start":{"line":41,"column":18},"end":{"line":41,"column":null}}],"line":41},"1":{"loc":{"start":{"line":51,"column":21},"end":{"line":51,"column":null}},"type":"binary-expr","locations":[{"start":{"line":51,"column":21},"end":{"line":51,"column":27}},{"start":{"line":51,"column":27},"end":{"line":51,"column":null}}],"line":51},"2":{"loc":{"start":{"line":54,"column":24},"end":{"line":54,"column":null}},"type":"binary-expr","locations":[{"start":{"line":54,"column":24},"end":{"line":54,"column":33}},{"start":{"line":54,"column":33},"end":{"line":54,"column":47}},{"start":{"line":54,"column":47},"end":{"line":54,"column":null}}],"line":54},"3":{"loc":{"start":{"line":60,"column":10},"end":{"line":60,"column":null}},"type":"binary-expr","locations":[{"start":{"line":60,"column":10},"end":{"line":60,"column":23}},{"start":{"line":60,"column":23},"end":{"line":60,"column":null}}],"line":60},"4":{"loc":{"start":{"line":61,"column":10},"end":{"line":61,"column":null}},"type":"binary-expr","locations":[{"start":{"line":61,"column":10},"end":{"line":61,"column":22}},{"start":{"line":61,"column":22},"end":{"line":61,"column":null}}],"line":61},"5":{"loc":{"start":{"line":63,"column":24},"end":{"line":63,"column":null}},"type":"binary-expr","locations":[{"start":{"line":63,"column":24},"end":{"line":63,"column":37}},{"start":{"line":63,"column":37},"end":{"line":63,"column":null}}],"line":63},"6":{"loc":{"start":{"line":64,"column":20},"end":{"line":64,"column":null}},"type":"binary-expr","locations":[{"start":{"line":64,"column":20},"end":{"line":64,"column":31}},{"start":{"line":64,"column":31},"end":{"line":64,"column":null}}],"line":64},"7":{"loc":{"start":{"line":65,"column":23},"end":{"line":65,"column":null}},"type":"binary-expr","locations":[{"start":{"line":65,"column":23},"end":{"line":65,"column":35}},{"start":{"line":65,"column":35},"end":{"line":65,"column":null}}],"line":65},"8":{"loc":{"start":{"line":67,"column":9},"end":{"line":75,"column":null}},"type":"binary-expr","locations":[{"start":{"line":67,"column":9},"end":{"line":67,"column":null}},{"start":{"line":68,"column":10},"end":{"line":75,"column":null}}],"line":67},"9":{"loc":{"start":{"line":70,"column":13},"end":{"line":75,"column":null}},"type":"binary-expr","locations":[{"start":{"line":70,"column":13},"end":{"line":70,"column":null}},{"start":{"line":71,"column":14},"end":{"line":75,"column":null}}],"line":70},"10":{"loc":{"start":{"line":84,"column":14},"end":{"line":84,"column":null}},"type":"binary-expr","locations":[{"start":{"line":84,"column":14},"end":{"line":84,"column":23}},{"start":{"line":84,"column":23},"end":{"line":84,"column":null}}],"line":84},"11":{"loc":{"start":{"line":89,"column":27},"end":{"line":89,"column":null}},"type":"binary-expr","locations":[{"start":{"line":89,"column":27},"end":{"line":89,"column":39}},{"start":{"line":89,"column":39},"end":{"line":89,"column":null}}],"line":89},"12":{"loc":{"start":{"line":90,"column":26},"end":{"line":90,"column":null}},"type":"binary-expr","locations":[{"start":{"line":90,"column":26},"end":{"line":90,"column":37}},{"start":{"line":90,"column":37},"end":{"line":90,"column":null}}],"line":90},"13":{"loc":{"start":{"line":94,"column":13},"end":{"line":100,"column":21}},"type":"binary-expr","locations":[{"start":{"line":94,"column":13},"end":{"line":94,"column":null}},{"start":{"line":95,"column":14},"end":{"line":100,"column":21}}],"line":94},"14":{"loc":{"start":{"line":101,"column":14},"end":{"line":120,"column":null}},"type":"cond-expr","locations":[{"start":{"line":102,"column":16},"end":{"line":112,"column":null}},{"start":{"line":114,"column":16},"end":{"line":120,"column":null}}],"line":101},"15":{"loc":{"start":{"line":126,"column":67},"end":{"line":126,"column":125}},"type":"cond-expr","locations":[{"start":{"line":126,"column":75},"end":{"line":126,"column":101}},{"start":{"line":126,"column":101},"end":{"line":126,"column":125}}],"line":126}},"s":{"0":52,"1":1,"2":18,"3":18,"4":18,"5":18,"6":18,"7":52,"8":8,"9":1},"f":{"0":52,"1":18,"2":52,"3":8},"b":{"0":[18],"1":[18,18],"2":[18,15,15],"3":[18,1],"4":[18,2],"5":[18,17],"6":[18,15],"7":[18,16],"8":[18,4],"9":[4,1],"10":[18,3],"11":[18,17],"12":[18,15],"13":[18,1],"14":[4,48],"15":[3,15]},"meta":{"lastBranch":16,"lastFunction":4,"lastStatement":10,"seen":{"f:19:9:19:17":0,"s:20:2:20:Infinity":0,"s:33:13:130:Infinity":1,"f:33:22:33:Infinity":1,"b:41:18:41:Infinity":0,"s:50:10:50:Infinity":2,"s:51:21:51:Infinity":3,"b:51:21:51:27:51:27:51:Infinity":1,"s:52:26:52:Infinity":4,"s:54:24:54:Infinity":5,"b:54:24:54:33:54:33:54:47:54:47:54:Infinity":2,"s:56:4:127:Infinity":6,"b:60:10:60:23:60:23:60:Infinity":3,"b:61:10:61:22:61:22:61:Infinity":4,"b:63:24:63:37:63:37:63:Infinity":5,"b:64:20:64:31:64:31:64:Infinity":6,"b:65:23:65:35:65:35:65:Infinity":7,"b:67:9:67:Infinity:68:10:75:Infinity":8,"b:70:13:70:Infinity:71:14:75:Infinity":9,"b:84:14:84:23:84:23:84:Infinity":10,"b:89:27:89:39:89:39:89:Infinity":11,"b:90:26:90:37:90:37:90:Infinity":12,"b:94:13:94:Infinity:95:14:100:21":13,"f:100:21:100:26":2,"s:101:14:120:Infinity":7,"b:102:16:112:Infinity:114:16:120:Infinity":14,"f:103:32:103:37":3,"s:104:20:110:Infinity":8,"b:126:75:126:101:126:101:126:125":15,"s:132:0:132:Infinity":9},"fnNames":{}}}
,"C:\\Users\\sergi\\OneDrive\\Escritorio\\suri-ui\\src\\components\\Spinner\\Spinner.module.css": {"path":"C:\\Users\\sergi\\OneDrive\\Escritorio\\suri-ui\\src\\components\\Spinner\\Spinner.module.css","statementMap":{},"fnMap":{},"branchMap":{},"s":{},"f":{},"b":{},"meta":{"lastBranch":0,"lastFunction":0,"lastStatement":0,"seen":{},"fnNames":{}}}
,"C:\\Users\\sergi\\OneDrive\\Escritorio\\suri-ui\\src\\components\\Spinner\\Spinner.tsx": {"path":"C:\\Users\\sergi\\OneDrive\\Escritorio\\suri-ui\\src\\components\\Spinner\\Spinner.tsx","statementMap":{"0":{"start":{"line":18,"column":2},"end":{"line":48,"column":null}},"1":{"start":{"line":52,"column":0},"end":{"line":52,"column":null}}},"fnMap":{"0":{"name":"Spinner","decl":{"start":{"line":11,"column":16},"end":{"line":11,"column":24}},"loc":{"start":{"line":17,"column":17},"end":{"line":50,"column":null}},"line":17}},"branchMap":{"0":{"loc":{"start":{"line":12,"column":2},"end":{"line":12,"column":null}},"type":"default-arg","locations":[{"start":{"line":12,"column":9},"end":{"line":12,"column":null}}],"line":12},"1":{"loc":{"start":{"line":13,"column":2},"end":{"line":13,"column":null}},"type":"default-arg","locations":[{"start":{"line":13,"column":10},"end":{"line":13,"column":null}}],"line":13},"2":{"loc":{"start":{"line":14,"column":15},"end":{"line":14,"column":null}},"type":"default-arg","locations":[{"start":{"line":14,"column":26},"end":{"line":14,"column":null}}],"line":14}},"s":{"0":8,"1":1},"f":{"0":8},"b":{"0":[8],"1":[8],"2":[8]},"meta":{"lastBranch":3,"lastFunction":1,"lastStatement":2,"seen":{"f:11:16:11:24":0,"b:12:9:12:Infinity":0,"b:13:10:13:Infinity":1,"b:14:26:14:Infinity":2,"s:18:2:48:Infinity":0,"s:52:0:52:Infinity":1},"fnNames":{}}}
,"C:\\Users\\sergi\\OneDrive\\Escritorio\\suri-ui\\src\\components\\Stack\\Stack.module.css": {"path":"C:\\Users\\sergi\\OneDrive\\Escritorio\\suri-ui\\src\\components\\Stack\\Stack.module.css","statementMap":{},"fnMap":{},"branchMap":{},"s":{},"f":{},"b":{},"meta":{"lastBranch":0,"lastFunction":0,"lastStatement":0,"seen":{},"fnNames":{}}}
,"C:\\Users\\sergi\\OneDrive\\Escritorio\\suri-ui\\src\\components\\Stack\\Stack.tsx": {"path":"C:\\Users\\sergi\\OneDrive\\Escritorio\\suri-ui\\src\\components\\Stack\\Stack.tsx","statementMap":{"0":{"start":{"line":20,"column":13},"end":{"line":66,"column":null}},"1":{"start":{"line":38,"column":23},"end":{"line":38,"column":null}},"2":{"start":{"line":41,"column":21},"end":{"line":41,"column":null}},"3":{"start":{"line":43,"column":4},"end":{"line":63,"column":null}},"4":{"start":{"line":68,"column":0},"end":{"line":68,"column":null}}},"fnMap":{"0":{"name":"(anonymous_0)","decl":{"start":{"line":20,"column":21},"end":{"line":20,"column":null}},"loc":{"start":{"line":37,"column":7},"end":{"line":65,"column":null}},"line":37}},"branchMap":{"0":{"loc":{"start":{"line":23,"column":10},"end":{"line":23,"column":null}},"type":"default-arg","locations":[{"start":{"line":23,"column":20},"end":{"line":23,"column":null}}],"line":23},"1":{"loc":{"start":{"line":24,"column":6},"end":{"line":24,"column":null}},"type":"default-arg","locations":[{"start":{"line":24,"column":18},"end":{"line":24,"column":null}}],"line":24},"2":{"loc":{"start":{"line":25,"column":6},"end":{"line":25,"column":null}},"type":"default-arg","locations":[{"start":{"line":25,"column":12},"end":{"line":25,"column":null}}],"line":25},"3":{"loc":{"start":{"line":28,"column":6},"end":{"line":28,"column":null}},"type":"default-arg","locations":[{"start":{"line":28,"column":13},"end":{"line":28,"column":null}}],"line":28},"4":{"loc":{"start":{"line":29,"column":6},"end":{"line":29,"column":null}},"type":"default-arg","locations":[{"start":{"line":29,"column":18},"end":{"line":29,"column":null}}],"line":29},"5":{"loc":{"start":{"line":30,"column":6},"end":{"line":30,"column":null}},"type":"default-arg","locations":[{"start":{"line":30,"column":19},"end":{"line":30,"column":null}}],"line":30},"6":{"loc":{"start":{"line":49,"column":10},"end":{"line":49,"column":null}},"type":"binary-expr","locations":[{"start":{"line":49,"column":10},"end":{"line":49,"column":19}},{"start":{"line":49,"column":19},"end":{"line":49,"column":null}}],"line":49},"7":{"loc":{"start":{"line":50,"column":10},"end":{"line":50,"column":null}},"type":"binary-expr","locations":[{"start":{"line":50,"column":10},"end":{"line":50,"column":21}},{"start":{"line":50,"column":21},"end":{"line":50,"column":null}}],"line":50},"8":{"loc":{"start":{"line":51,"column":10},"end":{"line":51,"column":null}},"type":"binary-expr","locations":[{"start":{"line":51,"column":10},"end":{"line":51,"column":18}},{"start":{"line":51,"column":18},"end":{"line":51,"column":null}}],"line":51},"9":{"loc":{"start":{"line":52,"column":10},"end":{"line":52,"column":null}},"type":"binary-expr","locations":[{"start":{"line":52,"column":10},"end":{"line":52,"column":23}},{"start":{"line":52,"column":23},"end":{"line":52,"column":null}}],"line":52},"10":{"loc":{"start":{"line":53,"column":10},"end":{"line":53,"column":null}},"type":"binary-expr","locations":[{"start":{"line":53,"column":10},"end":{"line":53,"column":24}},{"start":{"line":53,"column":24},"end":{"line":53,"column":null}}],"line":53},"11":{"loc":{"start":{"line":58,"column":24},"end":{"line":58,"column":null}},"type":"binary-expr","locations":[{"start":{"line":58,"column":24},"end":{"line":58,"column":37}},{"start":{"line":58,"column":37},"end":{"line":58,"column":null}}],"line":58},"12":{"loc":{"start":{"line":59,"column":25},"end":{"line":59,"column":null}},"type":"binary-expr","locations":[{"start":{"line":59,"column":25},"end":{"line":59,"column":39}},{"start":{"line":59,"column":39},"end":{"line":59,"column":null}}],"line":59}},"s":{"0":1,"1":12,"2":12,"3":12,"4":1},"f":{"0":12},"b":{"0":[12],"1":[12],"2":[12],"3":[12],"4":[12],"5":[12],"6":[12,0],"7":[12,0],"8":[12,0],"9":[12,1],"10":[12,1],"11":[12,11],"12":[12,11]},"meta":{"lastBranch":13,"lastFunction":1,"lastStatement":5,"seen":{"s:20:13:66:Infinity":0,"f:20:21:20:Infinity":0,"b:23:20:23:Infinity":0,"b:24:18:24:Infinity":1,"b:25:12:25:Infinity":2,"b:28:13:28:Infinity":3,"b:29:18:29:Infinity":4,"b:30:19:30:Infinity":5,"s:38:23:38:Infinity":1,"s:41:21:41:Infinity":2,"s:43:4:63:Infinity":3,"b:49:10:49:19:49:19:49:Infinity":6,"b:50:10:50:21:50:21:50:Infinity":7,"b:51:10:51:18:51:18:51:Infinity":8,"b:52:10:52:23:52:23:52:Infinity":9,"b:53:10:53:24:53:24:53:Infinity":10,"b:58:24:58:37:58:37:58:Infinity":11,"b:59:25:59:39:59:39:59:Infinity":12,"s:68:0:68:Infinity":4},"fnNames":{}}}
,"C:\\Users\\sergi\\OneDrive\\Escritorio\\suri-ui\\src\\components\\Textarea\\Textarea.module.css": {"path":"C:\\Users\\sergi\\OneDrive\\Escritorio\\suri-ui\\src\\components\\Textarea\\Textarea.module.css","statementMap":{},"fnMap":{},"branchMap":{},"s":{},"f":{},"b":{},"meta":{"lastBranch":0,"lastFunction":0,"lastStatement":0,"seen":{},"fnNames":{}}}
,"C:\\Users\\sergi\\OneDrive\\Escritorio\\suri-ui\\src\\components\\Textarea\\Textarea.tsx": {"path":"C:\\Users\\sergi\\OneDrive\\Escritorio\\suri-ui\\src\\components\\Textarea\\Textarea.tsx","statementMap":{"0":{"start":{"line":17,"column":13},"end":{"line":102,"column":null}},"1":{"start":{"line":37,"column":10},"end":{"line":37,"column":null}},"2":{"start":{"line":38,"column":20},"end":{"line":38,"column":null}},"3":{"start":{"line":39,"column":26},"end":{"line":39,"column":null}},"4":{"start":{"line":41,"column":24},"end":{"line":41,"column":null}},"5":{"start":{"line":44,"column":10},"end":{"line":44,"column":null}},"6":{"start":{"line":45,"column":10},"end":{"line":45,"column":null}},"7":{"start":{"line":48,"column":4},"end":{"line":53,"column":null}},"8":{"start":{"line":49,"column":6},"end":{"line":49,"column":null}},"9":{"start":{"line":49,"column":47},"end":{"line":49,"column":null}},"10":{"start":{"line":50,"column":17},"end":{"line":50,"column":null}},"11":{"start":{"line":51,"column":6},"end":{"line":51,"column":null}},"12":{"start":{"line":52,"column":6},"end":{"line":52,"column":null}},"13":{"start":{"line":55,"column":4},"end":{"line":99,"column":null}},"14":{"start":{"line":104,"column":0},"end":{"line":104,"column":null}}},"fnMap":{"0":{"name":"(anonymous_0)","decl":{"start":{"line":17,"column":24},"end":{"line":17,"column":null}},"loc":{"start":{"line":36,"column":7},"end":{"line":101,"column":null}},"line":36},"1":{"name":"(anonymous_1)","decl":{"start":{"line":48,"column":4},"end":{"line":48,"column":20}},"loc":{"start":{"line":48,"column":20},"end":{"line":53,"column":7}},"line":48}},"branchMap":{"0":{"loc":{"start":{"line":23,"column":6},"end":{"line":23,"column":null}},"type":"default-arg","locations":[{"start":{"line":23,"column":18},"end":{"line":23,"column":null}}],"line":23},"1":{"loc":{"start":{"line":24,"column":6},"end":{"line":24,"column":null}},"type":"default-arg","locations":[{"start":{"line":24,"column":15},"end":{"line":24,"column":null}}],"line":24},"2":{"loc":{"start":{"line":25,"column":6},"end":{"line":25,"column":null}},"type":"default-arg","locations":[{"start":{"line":25,"column":19},"end":{"line":25,"column":null}}],"line":25},"3":{"loc":{"start":{"line":29,"column":6},"end":{"line":29,"column":null}},"type":"default-arg","locations":[{"start":{"line":29,"column":13},"end":{"line":29,"column":null}}],"line":29},"4":{"loc":{"start":{"line":38,"column":20},"end":{"line":38,"column":null}},"type":"binary-expr","locations":[{"start":{"line":38,"column":20},"end":{"line":38,"column":26}},{"start":{"line":38,"column":26},"end":{"line":38,"column":null}}],"line":38},"5":{"loc":{"start":{"line":41,"column":24},"end":{"line":41,"column":null}},"type":"binary-expr","locations":[{"start":{"line":41,"column":24},"end":{"line":41,"column":33}},{"start":{"line":41,"column":33},"end":{"line":41,"column":47}},{"start":{"line":41,"column":47},"end":{"line":41,"column":null}}],"line":41},"6":{"loc":{"start":{"line":49,"column":6},"end":{"line":49,"column":null}},"type":"if","locations":[{"start":{"line":49,"column":6},"end":{"line":49,"column":null}},{"start":{},"end":{}}],"line":49},"7":{"loc":{"start":{"line":49,"column":10},"end":{"line":49,"column":47}},"type":"binary-expr","locations":[{"start":{"line":49,"column":10},"end":{"line":49,"column":25}},{"start":{"line":49,"column":25},"end":{"line":49,"column":47}}],"line":49},"8":{"loc":{"start":{"line":59,"column":10},"end":{"line":59,"column":null}},"type":"binary-expr","locations":[{"start":{"line":59,"column":10},"end":{"line":59,"column":23}},{"start":{"line":59,"column":23},"end":{"line":59,"column":null}}],"line":59},"9":{"loc":{"start":{"line":60,"column":10},"end":{"line":60,"column":null}},"type":"binary-expr","locations":[{"start":{"line":60,"column":10},"end":{"line":60,"column":22}},{"start":{"line":60,"column":22},"end":{"line":60,"column":null}}],"line":60},"10":{"loc":{"start":{"line":62,"column":24},"end":{"line":62,"column":null}},"type":"binary-expr","locations":[{"start":{"line":62,"column":24},"end":{"line":62,"column":37}},{"start":{"line":62,"column":37},"end":{"line":62,"column":null}}],"line":62},"11":{"loc":{"start":{"line":63,"column":20},"end":{"line":63,"column":null}},"type":"binary-expr","locations":[{"start":{"line":63,"column":20},"end":{"line":63,"column":31}},{"start":{"line":63,"column":31},"end":{"line":63,"column":null}}],"line":63},"12":{"loc":{"start":{"line":64,"column":23},"end":{"line":64,"column":null}},"type":"binary-expr","locations":[{"start":{"line":64,"column":23},"end":{"line":64,"column":35}},{"start":{"line":64,"column":35},"end":{"line":64,"column":null}}],"line":64},"13":{"loc":{"start":{"line":66,"column":9},"end":{"line":74,"column":null}},"type":"binary-expr","locations":[{"start":{"line":66,"column":9},"end":{"line":66,"column":null}},{"start":{"line":67,"column":10},"end":{"line":74,"column":null}}],"line":66},"14":{"loc":{"start":{"line":69,"column":13},"end":{"line":74,"column":null}},"type":"binary-expr","locations":[{"start":{"line":69,"column":13},"end":{"line":69,"column":null}},{"start":{"line":70,"column":14},"end":{"line":74,"column":null}}],"line":69},"15":{"loc":{"start":{"line":85,"column":12},"end":{"line":85,"column":null}},"type":"binary-expr","locations":[{"start":{"line":85,"column":12},"end":{"line":85,"column":26}},{"start":{"line":85,"column":26},"end":{"line":85,"column":null}}],"line":85},"16":{"loc":{"start":{"line":86,"column":12},"end":{"line":86,"column":null}},"type":"binary-expr","locations":[{"start":{"line":86,"column":12},"end":{"line":86,"column":21}},{"start":{"line":86,"column":21},"end":{"line":86,"column":null}}],"line":86},"17":{"loc":{"start":{"line":91,"column":25},"end":{"line":91,"column":null}},"type":"binary-expr","locations":[{"start":{"line":91,"column":25},"end":{"line":91,"column":37}},{"start":{"line":91,"column":37},"end":{"line":91,"column":null}}],"line":91},"18":{"loc":{"start":{"line":92,"column":24},"end":{"line":92,"column":null}},"type":"binary-expr","locations":[{"start":{"line":92,"column":24},"end":{"line":92,"column":35}},{"start":{"line":92,"column":35},"end":{"line":92,"column":null}}],"line":92},"19":{"loc":{"start":{"line":98,"column":67},"end":{"line":98,"column":125}},"type":"cond-expr","locations":[{"start":{"line":98,"column":75},"end":{"line":98,"column":101}},{"start":{"line":98,"column":101},"end":{"line":98,"column":125}}],"line":98}},"s":{"0":1,"1":16,"2":16,"3":16,"4":16,"5":16,"6":16,"7":16,"8":16,"9":15,"10":1,"11":1,"12":1,"13":16,"14":1},"f":{"0":16,"1":16},"b":{"0":[16],"1":[16],"2":[16],"3":[16],"4":[16,16],"5":[16,14,13],"6":[15,1],"7":[16,1],"8":[16,1],"9":[16,2],"10":[16,15],"11":[16,14],"12":[16,14],"13":[16,4],"14":[4,1],"15":[16,1],"16":[16,2],"17":[16,15],"18":[16,14],"19":[2,14]},"meta":{"lastBranch":20,"lastFunction":2,"lastStatement":15,"seen":{"s:17:13:102:Infinity":0,"f:17:24:17:Infinity":0,"b:23:18:23:Infinity":0,"b:24:15:24:Infinity":1,"b:25:19:25:Infinity":2,"b:29:13:29:Infinity":3,"s:37:10:37:Infinity":1,"s:38:20:38:Infinity":2,"b:38:20:38:26:38:26:38:Infinity":4,"s:39:26:39:Infinity":3,"s:41:24:41:Infinity":4,"b:41:24:41:33:41:33:41:47:41:47:41:Infinity":5,"s:44:10:44:Infinity":5,"s:45:10:45:Infinity":6,"s:48:4:53:Infinity":7,"f:48:4:48:20":1,"b:49:6:49:Infinity:undefined:undefined:undefined:undefined":6,"s:49:6:49:Infinity":8,"b:49:10:49:25:49:25:49:47":7,"s:49:47:49:Infinity":9,"s:50:17:50:Infinity":10,"s:51:6:51:Infinity":11,"s:52:6:52:Infinity":12,"s:55:4:99:Infinity":13,"b:59:10:59:23:59:23:59:Infinity":8,"b:60:10:60:22:60:22:60:Infinity":9,"b:62:24:62:37:62:37:62:Infinity":10,"b:63:20:63:31:63:31:63:Infinity":11,"b:64:23:64:35:64:35:64:Infinity":12,"b:66:9:66:Infinity:67:10:74:Infinity":13,"b:69:13:69:Infinity:70:14:74:Infinity":14,"b:85:12:85:26:85:26:85:Infinity":15,"b:86:12:86:21:86:21:86:Infinity":16,"b:91:25:91:37:91:37:91:Infinity":17,"b:92:24:92:35:92:35:92:Infinity":18,"b:98:75:98:101:98:101:98:125":19,"s:104:0:104:Infinity":14},"fnNames":{}}}
,"C:\\Users\\sergi\\OneDrive\\Escritorio\\suri-ui\\src\\utils\\cn.ts": {"path":"C:\\Users\\sergi\\OneDrive\\Escritorio\\suri-ui\\src\\utils\\cn.ts","statementMap":{"0":{"start":{"line":2,"column":2},"end":{"line":2,"column":null}}},"fnMap":{"0":{"name":"cn","decl":{"start":{"line":1,"column":16},"end":{"line":1,"column":19}},"loc":{"start":{"line":1,"column":78},"end":{"line":3,"column":null}},"line":1}},"branchMap":{},"s":{"0":225},"f":{"0":225},"b":{},"meta":{"lastBranch":0,"lastFunction":1,"lastStatement":1,"seen":{"f:1:16:1:19":0,"s:2:2:2:Infinity":0},"fnNames":{}}}
,"C:\\Users\\sergi\\OneDrive\\Escritorio\\suri-ui\\src\\utils\\useCombinedRef.ts": {"path":"C:\\Users\\sergi\\OneDrive\\Escritorio\\suri-ui\\src\\utils\\useCombinedRef.ts","statementMap":{"0":{"start":{"line":7,"column":2},"end":{"line":21,"column":null}},"1":{"start":{"line":9,"column":6},"end":{"line":17,"column":null}},"2":{"start":{"line":10,"column":8},"end":{"line":10,"column":null}},"3":{"start":{"line":10,"column":18},"end":{"line":10,"column":null}},"4":{"start":{"line":11,"column":8},"end":{"line":16,"column":null}},"5":{"start":{"line":12,"column":10},"end":{"line":12,"column":null}},"6":{"start":{"line":15,"column":11},"end":{"line":15,"column":null}}},"fnMap":{"0":{"name":"useCombinedRef","decl":{"start":{"line":4,"column":16},"end":{"line":4,"column":null}},"loc":{"start":{"line":6,"column":18},"end":{"line":22,"column":null}},"line":6},"1":{"name":"(anonymous_1)","decl":{"start":{"line":8,"column":5},"end":{"line":8,"column":17}},"loc":{"start":{"line":8,"column":17},"end":{"line":18,"column":null}},"line":8},"2":{"name":"(anonymous_2)","decl":{"start":{"line":9,"column":11},"end":{"line":9,"column":20}},"loc":{"start":{"line":9,"column":28},"end":{"line":17,"column":7}},"line":9}},"branchMap":{"0":{"loc":{"start":{"line":10,"column":8},"end":{"line":10,"column":null}},"type":"if","locations":[{"start":{"line":10,"column":8},"end":{"line":10,"column":null}},{"start":{},"end":{}}],"line":10},"1":{"loc":{"start":{"line":11,"column":8},"end":{"line":16,"column":null}},"type":"if","locations":[{"start":{"line":11,"column":8},"end":{"line":16,"column":null}},{"start":{"line":13,"column":15},"end":{"line":16,"column":null}}],"line":11}},"s":{"0":16,"1":32,"2":64,"3":28,"4":36,"5":0,"6":36},"f":{"0":16,"1":32,"2":64},"b":{"0":[28,36],"1":[0,36]},"meta":{"lastBranch":2,"lastFunction":3,"lastStatement":7,"seen":{"f:4:16:4:Infinity":0,"s:7:2:21:Infinity":0,"f:8:5:8:17":1,"s:9:6:17:Infinity":1,"f:9:11:9:20":2,"b:10:8:10:Infinity:undefined:undefined:undefined:undefined":0,"s:10:8:10:Infinity":2,"s:10:18:10:Infinity":3,"b:11:8:16:Infinity:13:15:16:Infinity":1,"s:11:8:16:Infinity":4,"s:12:10:12:Infinity":5,"s:15:11:15:Infinity":6},"fnNames":{}}}
}
